2010-11-21 17:08:40 Debug: Notice (1024): Please change the value of 'Security.salt' in app/config/core.php to a salt value specific to your application in [C:\xampp\xampp\htdocs\cakephp\cake\libs\debugger.php, line 684]
2010-11-21 17:08:40 Debug: Notice (1024): Please change the value of 'Security.cipherSeed' in app/config/core.php to a numeric (digits only) seed value specific to your application in [C:\xampp\xampp\htdocs\cakephp\cake\libs\debugger.php, line 688]
2010-11-21 17:37:26 Debug: Notice (8): Undefined property: CakeErrorController::$app_name in [C:\xampp\xampp\htdocs\cakephp\app\controllers\app_controller.php, line 46]
2010-11-21 17:37:26 Debug: Notice (8): Undefined property: View::$Session in [C:\xampp\xampp\htdocs\cakephp\cake\libs\view\layouts\default.ctp, line 43]
2010-11-21 17:37:26 Debug: Notice (8): Undefined property: CakeErrorController::$app_name in [C:\xampp\xampp\htdocs\cakephp\app\controllers\app_controller.php, line 46]
2010-11-21 17:37:26 Debug: Notice (8): Undefined property: View::$Session in [C:\xampp\xampp\htdocs\cakephp\cake\libs\view\layouts\default.ctp, line 43]
2010-11-21 17:37:56 Debug: Notice (8): Undefined property: View::$Session in [C:\xampp\xampp\htdocs\cakephp\cake\libs\view\layouts\default.ctp, line 43]
2010-11-21 17:38:40 Debug: Notice (8): Undefined property: View::$Session in [C:\xampp\xampp\htdocs\cakephp\cake\libs\view\layouts\default.ctp, line 43]
2010-11-21 17:38:42 Debug: Notice (8): Undefined property: View::$Session in [C:\xampp\xampp\htdocs\cakephp\cake\libs\view\layouts\default.ctp, line 43]
2010-11-21 17:38:43 Debug: Notice (8): Undefined property: View::$Session in [C:\xampp\xampp\htdocs\cakephp\cake\libs\view\layouts\default.ctp, line 43]
2010-11-21 17:38:44 Debug: Notice (8): Undefined property: View::$Session in [C:\xampp\xampp\htdocs\cakephp\cake\libs\view\layouts\default.ctp, line 43]
2010-11-21 17:40:07 Debug: Notice (8): Undefined index: ext in [C:\xampp\xampp\htdocs\cakephp\app\controllers\orders_controller.php, line 14]
2010-11-21 17:40:08 Debug: Notice (8): Undefined index: ext in [C:\xampp\xampp\htdocs\cakephp\app\controllers\orders_controller.php, line 14]
2010-11-21 17:40:25 Debug: Notice (8): Undefined index: ext in [C:\xampp\xampp\htdocs\cakephp\app\controllers\orders_controller.php, line 14]
2010-11-21 17:40:25 Debug: Notice (8): Undefined variable: regions in [C:\xampp\xampp\htdocs\cakephp\app\views\orders\index.ctp, line 2]
2010-11-21 17:40:41 Debug: Notice (8): Undefined index: ext in [C:\xampp\xampp\htdocs\cakephp\app\controllers\orders_controller.php, line 14]
2010-11-21 17:40:41 Debug: Notice (8): Undefined variable: orders in [C:\xampp\xampp\htdocs\cakephp\app\views\orders\index.ctp, line 2]
2010-11-21 17:40:42 Debug: Notice (8): Undefined index: ext in [C:\xampp\xampp\htdocs\cakephp\app\controllers\orders_controller.php, line 14]
2010-11-21 17:40:42 Debug: Notice (8): Undefined variable: orders in [C:\xampp\xampp\htdocs\cakephp\app\views\orders\index.ctp, line 2]
2010-11-21 17:41:02 Debug: Notice (8): Undefined index: ext in [C:\xampp\xampp\htdocs\cakephp\app\controllers\orders_controller.php, line 14]
2010-11-21 17:41:02 Debug: Notice (8): Undefined property: OrdersController::$Category in [C:\xampp\xampp\htdocs\cakephp\app\controllers\orders_controller.php, line 17]
2010-11-21 17:41:02 Debug: Notice (8): Undefined index: ext in [C:\xampp\xampp\htdocs\cakephp\app\controllers\orders_controller.php, line 14]
2010-11-21 17:41:02 Debug: Notice (8): Undefined property: OrdersController::$Category in [C:\xampp\xampp\htdocs\cakephp\app\controllers\orders_controller.php, line 17]
2010-11-21 17:41:03 Debug: Notice (8): Undefined index: ext in [C:\xampp\xampp\htdocs\cakephp\app\controllers\orders_controller.php, line 14]
2010-11-21 17:41:03 Debug: Notice (8): Undefined property: OrdersController::$Category in [C:\xampp\xampp\htdocs\cakephp\app\controllers\orders_controller.php, line 17]
2010-11-21 17:41:11 Debug: Notice (8): Undefined index: ext in [C:\xampp\xampp\htdocs\cakephp\app\controllers\orders_controller.php, line 14]
2010-11-21 17:41:11 Debug: Notice (8): Undefined property: OrdersController::$Category in [C:\xampp\xampp\htdocs\cakephp\app\controllers\orders_controller.php, line 17]
2010-11-21 17:41:11 Debug: Notice (8): Undefined index: ext in [C:\xampp\xampp\htdocs\cakephp\app\controllers\orders_controller.php, line 14]
2010-11-21 17:41:11 Debug: Notice (8): Undefined property: OrdersController::$Category in [C:\xampp\xampp\htdocs\cakephp\app\controllers\orders_controller.php, line 17]
2010-11-21 17:41:14 Debug: Notice (8): Undefined index: ext in [C:\xampp\xampp\htdocs\cakephp\app\controllers\orders_controller.php, line 14]
2010-11-21 17:41:14 Debug: Notice (8): Undefined property: OrdersController::$Category in [C:\xampp\xampp\htdocs\cakephp\app\controllers\orders_controller.php, line 17]
2010-11-21 17:41:53 Debug: Notice (8): Undefined index: ext in [C:\xampp\xampp\htdocs\cakephp\app\controllers\orders_controller.php, line 14]
2010-11-21 17:41:53 Debug: Notice (8): Undefined property: OrdersController::$Category in [C:\xampp\xampp\htdocs\cakephp\app\controllers\orders_controller.php, line 17]
2010-11-21 17:42:15 Debug: Notice (8): Undefined index: ext in [C:\xampp\xampp\htdocs\cakephp\app\controllers\orders_controller.php, line 14]
2010-11-21 17:42:16 Debug: Notice (8): Undefined index: ext in [C:\xampp\xampp\htdocs\cakephp\app\controllers\orders_controller.php, line 14]
2010-11-21 18:03:50 Debug: Notice (8): Undefined property: OrdersController::$Recipe in [C:\xampp\xampp\htdocs\cakephp\app\controllers\orders_controller.php, line 8]
2010-11-21 18:03:54 Debug: Notice (8): Undefined property: OrdersController::$Recipe in [C:\xampp\xampp\htdocs\cakephp\app\controllers\orders_controller.php, line 8]
2010-11-21 18:44:33 Debug: Notice (8): Undefined property: OrdersController::$Recipe in [C:\xampp\xampp\htdocs\cakephp\app\controllers\orders_controller.php, line 13]
2010-11-21 18:56:04 Debug: Notice (8): Undefined variable: orders in [C:\xampp\xampp\htdocs\cakephp\app\views\orders\xml\index.ctp, line 2]
2010-11-21 18:56:30 Debug: Notice (8): Undefined variable: orders in [C:\xampp\xampp\htdocs\cakephp\app\views\orders\xml\index.ctp, line 2]
2010-11-21 18:57:01 Debug: Notice (8): Undefined variable: orders in [C:\xampp\xampp\htdocs\cakephp\app\views\orders\xml\index.ctp, line 2]
2010-11-21 18:57:26 Debug: Notice (8): Undefined variable: orders in [C:\xampp\xampp\htdocs\cakephp\app\views\orders\xml\index.ctp, line 2]
2010-11-21 18:57:28 Debug: Notice (8): Undefined variable: orders in [C:\xampp\xampp\htdocs\cakephp\app\views\orders\xml\index.ctp, line 2]
2010-11-21 18:57:30 Debug: Notice (8): Undefined variable: orders in [C:\xampp\xampp\htdocs\cakephp\app\views\orders\xml\index.ctp, line 2]
2010-11-21 19:34:50 Debug: Notice (8): Undefined variable: order in [C:\xampp\xampp\htdocs\cakephp\app\views\orders\xml\add.ctp, line 2]
2010-11-21 19:38:37 Debug: Notice (8): Undefined variable: data in [C:\xampp\xampp\htdocs\cakephp\app\controllers\orders_controller.php, line 39]
2010-11-21 19:40:14 Debug: Notice (8): Undefined variable: order in [C:\xampp\xampp\htdocs\cakephp\app\views\orders\xml\view.ctp, line 2]
2010-11-21 19:40:23 Debug: Notice (8): Undefined variable: order in [C:\xampp\xampp\htdocs\cakephp\app\views\orders\xml\view.ctp, line 2]
2010-11-21 20:32:48 Debug: Notice (8): Undefined variable: data in [C:\xampp\xampp\htdocs\cakephp\app\controllers\orders_controller.php, line 40]
2010-11-21 20:32:48 Debug: Notice (8): Undefined variable: data in [C:\xampp\xampp\htdocs\cakephp\app\views\orders\xml\add.ctp, line 2]
2010-11-21 20:32:52 Debug: Notice (8): Undefined variable: data in [C:\xampp\xampp\htdocs\cakephp\app\controllers\orders_controller.php, line 40]
2010-11-21 20:32:53 Debug: Notice (8): Undefined variable: data in [C:\xampp\xampp\htdocs\cakephp\app\views\orders\xml\add.ctp, line 2]
2010-11-21 20:57:32 Debug: Notice (8): Undefined variable: data in [C:\xampp\xampp\htdocs\cakephp\app\views\orders\xml\add.ctp, line 2]
2010-11-21 20:58:11 Debug: Notice (8): Undefined variable: data in [C:\xampp\xampp\htdocs\cakephp\app\views\orders\xml\add.ctp, line 2]
2010-11-21 20:58:11 Debug: Notice (8): Undefined variable: credits in [C:\xampp\xampp\htdocs\cakephp\app\views\orders\xml\add.ctp, line 3]
2010-11-21 20:58:29 Debug: Notice (8): Undefined variable: data in [C:\xampp\xampp\htdocs\cakephp\app\views\orders\xml\add.ctp, line 2]
2010-11-21 20:58:29 Debug: Notice (8): Undefined variable: credits in [C:\xampp\xampp\htdocs\cakephp\app\views\orders\xml\add.ctp, line 3]
2010-11-21 20:58:38 Debug: Notice (8): Undefined variable: data in [C:\xampp\xampp\htdocs\cakephp\app\views\orders\xml\add.ctp, line 2]
2010-11-21 20:58:38 Debug: Notice (8): Undefined variable: credits in [C:\xampp\xampp\htdocs\cakephp\app\views\orders\xml\add.ctp, line 3]
2010-11-21 20:58:46 Debug: Notice (8): Undefined variable: data in [C:\xampp\xampp\htdocs\cakephp\app\views\orders\xml\add.ctp, line 2]
2010-11-21 20:58:46 Debug: Notice (8): Undefined variable: credits in [C:\xampp\xampp\htdocs\cakephp\app\views\orders\xml\add.ctp, line 3]
2010-11-21 20:59:20 Debug: Notice (8): Undefined variable: data in [C:\xampp\xampp\htdocs\cakephp\app\views\orders\xml\add.ctp, line 2]
2010-11-21 20:59:20 Debug: Notice (8): Undefined variable: credits in [C:\xampp\xampp\htdocs\cakephp\app\views\orders\xml\add.ctp, line 3]
2010-11-21 20:59:21 Debug: Notice (8): Undefined variable: data in [C:\xampp\xampp\htdocs\cakephp\app\views\orders\xml\add.ctp, line 2]
2010-11-21 20:59:21 Debug: Notice (8): Undefined variable: credits in [C:\xampp\xampp\htdocs\cakephp\app\views\orders\xml\add.ctp, line 3]
2010-11-21 21:00:00 Debug: Notice (8): Undefined variable: data in [C:\xampp\xampp\htdocs\cakephp\app\views\orders\xml\add.ctp, line 2]
2010-11-21 21:00:00 Debug: Notice (8): Undefined variable: credits in [C:\xampp\xampp\htdocs\cakephp\app\views\orders\xml\add.ctp, line 3]
2010-11-21 21:00:06 Debug: Notice (8): Undefined variable: data in [C:\xampp\xampp\htdocs\cakephp\app\views\orders\xml\add.ctp, line 2]
2010-11-21 21:00:55 Debug: Notice (8): Undefined variable: data in [C:\xampp\xampp\htdocs\cakephp\app\views\orders\xml\add.ctp, line 2]
2010-11-28 18:58:49 Notice: Notice (8): Undefined offset: 0 in [/Users/Dave/Projectes/Expresso/Local/webservice/app/controllers/orders_controller.php, line 74]
2010-11-28 18:59:59 Notice: Notice (8): Undefined offset: 0 in [/Users/Dave/Projectes/Expresso/Local/webservice/app/controllers/orders_controller.php, line 74]
2010-11-28 19:00:41 Notice: Notice (8): Undefined offset: 0 in [/Users/Dave/Projectes/Expresso/Local/webservice/app/controllers/orders_controller.php, line 74]
2010-11-28 19:22:07 Notice: Notice (8): Undefined index: user in [/Users/Dave/Projectes/Expresso/Local/webservice/app/controllers/orders_controller.php, line 74]
