2010-11-21 18:54:08 Debug: Notice (1024): Please change the value of 'Security.salt' in app/config/core.php to a salt value specific to your application in [C:\xampp\xampp\htdocs\consumer\cake\libs\debugger.php, line 684]
2010-11-21 18:54:08 Debug: Notice (1024): Please change the value of 'Security.cipherSeed' in app/config/core.php to a numeric (digits only) seed value specific to your application in [C:\xampp\xampp\htdocs\consumer\cake\libs\debugger.php, line 688]
2010-11-21 19:09:40 Debug: Notice (8): Undefined variable: id in [C:\xampp\xampp\htdocs\consumer\app\controllers\consums_controller.php, line 23]
2010-11-21 19:22:23 Debug: Notice (8): Undefined index: Container in [C:\xampp\xampp\htdocs\consumer\app\controllers\consums_controller.php, line 46]
2010-11-21 19:22:23 Debug: Notice (8): Undefined index: Container in [C:\xampp\xampp\htdocs\consumer\app\controllers\consums_controller.php, line 54]
2010-11-21 19:22:24 Debug: Notice (8): Undefined index: Container in [C:\xampp\xampp\htdocs\consumer\app\controllers\consums_controller.php, line 46]
2010-11-21 19:22:24 Debug: Notice (8): Undefined index: Container in [C:\xampp\xampp\htdocs\consumer\app\controllers\consums_controller.php, line 54]
2010-11-21 19:25:45 Debug: Notice (8): Undefined index: Container in [C:\xampp\xampp\htdocs\consumer\app\controllers\consums_controller.php, line 46]
2010-11-21 19:25:45 Debug: Notice (8): Undefined index: Container in [C:\xampp\xampp\htdocs\consumer\app\controllers\consums_controller.php, line 54]
2010-11-21 19:26:15 Debug: Notice (8): Undefined index: Container in [C:\xampp\xampp\htdocs\consumer\app\controllers\consums_controller.php, line 46]
2010-11-21 19:26:15 Debug: Notice (8): Undefined index: Container in [C:\xampp\xampp\htdocs\consumer\app\controllers\consums_controller.php, line 54]
2010-11-21 19:27:26 Debug: Notice (8): Undefined index: Container in [C:\xampp\xampp\htdocs\consumer\app\controllers\consums_controller.php, line 46]
2010-11-21 19:30:33 Debug: Notice (8): Undefined index: Container in [C:\xampp\xampp\htdocs\consumer\app\controllers\consums_controller.php, line 46]
2010-11-21 19:30:33 Debug: Notice (8): Undefined index: Container in [C:\xampp\xampp\htdocs\consumer\app\controllers\consums_controller.php, line 54]
2010-11-21 19:32:19 Debug: Notice (8): Undefined variable: date in [C:\xampp\xampp\htdocs\consumer\app\controllers\consums_controller.php, line 47]
2010-11-21 19:32:29 Debug: Notice (8): Undefined index: message in [C:\xampp\xampp\htdocs\consumer\app\controllers\consums_controller.php, line 47]
2010-11-21 19:32:56 Debug: Notice (8): Undefined index: message in [C:\xampp\xampp\htdocs\consumer\app\controllers\consums_controller.php, line 49]
2010-11-21 20:32:47 Debug: Notice (8): Undefined variable: id in [C:\xampp\xampp\htdocs\consumer\app\controllers\consums_controller.php, line 68]
2010-11-21 20:32:52 Debug: Notice (8): Undefined variable: id in [C:\xampp\xampp\htdocs\consumer\app\controllers\consums_controller.php, line 68]
2010-11-28 17:36:27 Notice: Notice (1024): Please change the value of 'Security.salt' in app/config/core.php to a salt value specific to your application in [/Users/Dave/Projectes/Expresso/Local/consumer/cake/libs/debugger.php, line 684]
2010-11-28 17:36:27 Notice: Notice (1024): Please change the value of 'Security.cipherSeed' in app/config/core.php to a numeric (digits only) seed value specific to your application in [/Users/Dave/Projectes/Expresso/Local/consumer/cake/libs/debugger.php, line 688]
2010-11-28 17:36:43 Notice: Notice (1024): Please change the value of 'Security.salt' in app/config/core.php to a salt value specific to your application in [/Users/Dave/Projectes/Expresso/Local/consumer/cake/libs/debugger.php, line 684]
2010-11-28 17:36:43 Notice: Notice (1024): Please change the value of 'Security.cipherSeed' in app/config/core.php to a numeric (digits only) seed value specific to your application in [/Users/Dave/Projectes/Expresso/Local/consumer/cake/libs/debugger.php, line 688]
2010-11-28 19:21:24 Notice: Notice (1024): Please change the value of 'Security.salt' in app/config/core.php to a salt value specific to your application in [/Users/Dave/Projectes/Expresso/Local/consumer/cake/libs/debugger.php, line 684]
2010-11-28 19:21:24 Notice: Notice (1024): Please change the value of 'Security.cipherSeed' in app/config/core.php to a numeric (digits only) seed value specific to your application in [/Users/Dave/Projectes/Expresso/Local/consumer/cake/libs/debugger.php, line 688]
